[debug] [2024-11-13T16:32:25.259Z] ----------------------------------------------------------------------
[debug] [2024-11-13T16:32:25.263Z] Command:       C:\Program Files\nodejs\node.exe C:\Program Files\nodejs\node_modules\firebase-tools\lib\bin\firebase.js init
[debug] [2024-11-13T16:32:25.263Z] CLI Version:   13.25.0
[debug] [2024-11-13T16:32:25.263Z] Platform:      win32
[debug] [2024-11-13T16:32:25.263Z] Node Version:  v22.10.0
[debug] [2024-11-13T16:32:25.264Z] Time:          Wed Nov 13 2024 17:32:25 GMT+0100 (közép-európai téli idő)
[debug] [2024-11-13T16:32:25.264Z] ----------------------------------------------------------------------
[debug] 
[debug] [2024-11-13T16:32:25.272Z] > command requires scopes: ["email","openid","https://www.googleapis.com/auth/cloudplatformprojects.readonly","https://www.googleapis.com/auth/firebase","https://www.googleapis.com/auth/cloud-platform"]
[debug] [2024-11-13T16:32:25.272Z] > authorizing via signed-in user (ordaska02@gmail.com)
[info] 
     ######## #### ########  ######## ########     ###     ######  ########
     ##        ##  ##     ## ##       ##     ##  ##   ##  ##       ##
     ######    ##  ########  ######   ########  #########  ######  ######
     ##        ##  ##    ##  ##       ##     ## ##     ##       ## ##
     ##       #### ##     ## ######## ########  ##     ##  ######  ########

You're about to initialize a Firebase project in this directory:

  C:\Users\Pityu\project\KIT-AUYLIN-MobilProgBead

[info] 
=== Project Setup
[info] 
[info] First, let's associate this project directory with a Firebase project.
[info] You can create multiple project aliases by running firebase use --add, 
[info] but for now we'll just set up a default project.
[info] 
[debug] [2024-11-13T16:32:32.213Z] Checked if tokens are valid: true, expires at: 1731517327741
[debug] [2024-11-13T16:32:32.213Z] Checked if tokens are valid: true, expires at: 1731517327741
[debug] [2024-11-13T16:32:32.214Z] >>> [apiv2][query] GET https://firebase.googleapis.com/v1beta1/projects pageSize=100
[debug] [2024-11-13T16:32:32.729Z] <<< [apiv2][status] GET https://firebase.googleapis.com/v1beta1/projects 200
[debug] [2024-11-13T16:32:32.730Z] <<< [apiv2][body] GET https://firebase.googleapis.com/v1beta1/projects [omitted]
[info] i  Using project mobilbead-fca63 (MobilBead) 
[info] 
=== Dataconnect Setup
[debug] [2024-11-13T16:32:34.056Z] Checked if tokens are valid: true, expires at: 1731517327741
[debug] [2024-11-13T16:32:34.056Z] Checked if tokens are valid: true, expires at: 1731517327741
[debug] [2024-11-13T16:32:34.056Z] >>> [apiv2][query] GET https://cloudbilling.googleapis.com/v1/projects/mobilbead-fca63/billingInfo [none]
[debug] [2024-11-13T16:32:34.814Z] <<< [apiv2][status] GET https://cloudbilling.googleapis.com/v1/projects/mobilbead-fca63/billingInfo 200
[debug] [2024-11-13T16:32:34.814Z] <<< [apiv2][body] GET https://cloudbilling.googleapis.com/v1/projects/mobilbead-fca63/billingInfo {"name":"projects/mobilbead-fca63/billingInfo","projectId":"mobilbead-fca63","billingAccountName":"","billingEnabled":false}
[info] i  dataconnect: ensuring required API sqladmin.googleapis.com is enabled... 
[debug] [2024-11-13T16:32:34.814Z] Checked if tokens are valid: true, expires at: 1731517327741
[debug] [2024-11-13T16:32:34.815Z] Checked if tokens are valid: true, expires at: 1731517327741
[debug] [2024-11-13T16:32:34.815Z] >>> [apiv2][query] GET https://serviceusage.googleapis.com/v1/projects/mobilbead-fca63/services/sqladmin.googleapis.com [none]
[debug] [2024-11-13T16:32:34.815Z] >>> [apiv2][(partial)header] GET https://serviceusage.googleapis.com/v1/projects/mobilbead-fca63/services/sqladmin.googleapis.com x-goog-quota-user=projects/mobilbead-fca63
[debug] [2024-11-13T16:32:35.810Z] <<< [apiv2][status] GET https://serviceusage.googleapis.com/v1/projects/mobilbead-fca63/services/sqladmin.googleapis.com 200
[debug] [2024-11-13T16:32:35.811Z] <<< [apiv2][body] GET https://serviceusage.googleapis.com/v1/projects/mobilbead-fca63/services/sqladmin.googleapis.com [omitted]
[info] +  dataconnect: required API sqladmin.googleapis.com is enabled 
[info] i  dataconnect\dataconnect.yaml is unchanged 
[info] i  dataconnect\schema\schema.gql is unchanged 
[info] +  Wrote dataconnect\connector\connector.yaml 
[info] i  dataconnect\connector\queries.gql is unchanged 
[info] i  dataconnect\connector\mutations.gql is unchanged 
[info] +  Detected WEB app in directory C:\Users\Pityu\project\KIT-AUYLIN-MobilProgBead 
[info] i  Wrote new config to C:\Users\Pityu\project\KIT-AUYLIN-MobilProgBead\dataconnect\connector/connector.yaml 
[info] I1113 17:32:40.775695   19604 codegen.go:82] [connector "default" javascriptSdk] Generating sources into "C:\\Users\\Pityu\\project\\KIT-AUYLIN-MobilProgBead\\dataconnect-generated\\js\\default-connector"
I1113 17:32:40.789528   19604 generate.go:40] Generated all sources. Writing them to disk...
I1113 17:32:40.791579   19604 collector.go:107] connector "default" javascriptSdk wrote into "C:\\Users\\Pityu\\project\\KIT-AUYLIN-MobilProgBead\\dataconnect-generated\\js\\default-connector"
Generated sources: index.d.ts [264B] esm\index.esm.js [197B] esm\package.json [17B] index.cjs.js [238B] package.json [623B] 
I1113 17:32:40.802946   19604 installsdk.go:76] Running command: C:\Program Files\nodejs\npm.cmd install file:dataconnect-generated\js\default-connector

[info] i  Generated SDK code for default 
[info] +  If you'd like to add more generated SDKs to your app your later, run firebase init dataconnect:sdk again 
[info] i  If you'd like to provision a CloudSQL Postgres instance on the Firebase Data Connect no-cost trial:
1. Please upgrade to the pay-as-you-go (Blaze) billing plan. Visit the following page:
     https://console.firebase.google.com/project/mobilbead-fca63/usage/details
2. Run firebase init dataconnect again to configure the Cloud SQL instance.
3. Run firebase deploy --only dataconnect to deploy your Data Connect service. 
[info] 
=== Firestore Setup
[debug] [2024-11-13T16:32:44.298Z] Checked if tokens are valid: true, expires at: 1731517327741
[debug] [2024-11-13T16:32:44.298Z] Checked if tokens are valid: true, expires at: 1731517327741
[debug] [2024-11-13T16:32:44.298Z] >>> [apiv2][query] GET https://serviceusage.googleapis.com/v1/projects/mobilbead-fca63/services/firestore.googleapis.com [none]
[debug] [2024-11-13T16:32:44.298Z] >>> [apiv2][(partial)header] GET https://serviceusage.googleapis.com/v1/projects/mobilbead-fca63/services/firestore.googleapis.com x-goog-quota-user=projects/mobilbead-fca63
[debug] [2024-11-13T16:32:44.673Z] <<< [apiv2][status] GET https://serviceusage.googleapis.com/v1/projects/mobilbead-fca63/services/firestore.googleapis.com 200
[debug] [2024-11-13T16:32:44.674Z] <<< [apiv2][body] GET https://serviceusage.googleapis.com/v1/projects/mobilbead-fca63/services/firestore.googleapis.com [omitted]
[debug] [2024-11-13T16:32:44.674Z] Checked if tokens are valid: true, expires at: 1731517327741
[debug] [2024-11-13T16:32:44.674Z] Checked if tokens are valid: true, expires at: 1731517327741
[debug] [2024-11-13T16:32:44.674Z] >>> [apiv2][query] GET https://firestore.googleapis.com/v1/projects/mobilbead-fca63/databases/(default) [none]
[debug] [2024-11-13T16:32:44.918Z] <<< [apiv2][status] GET https://firestore.googleapis.com/v1/projects/mobilbead-fca63/databases/(default) 200
[debug] [2024-11-13T16:32:44.919Z] <<< [apiv2][body] GET https://firestore.googleapis.com/v1/projects/mobilbead-fca63/databases/(default) {"name":"projects/mobilbead-fca63/databases/(default)","uid":"f6073f53-60b5-4cea-a19b-6ae53d055e21","createTime":"2024-11-13T16:05:37.691418Z","updateTime":"2024-11-13T16:05:37.691418Z","locationId":"eur3","type":"FIRESTORE_NATIVE","concurrencyMode":"PESSIMISTIC","versionRetentionPeriod":"3600s","earliestVersionTime":"2024-11-13T16:05:37.691418Z","appEngineIntegrationMode":"DISABLED","keyPrefix":"e","pointInTimeRecoveryEnablement":"POINT_IN_TIME_RECOVERY_DISABLED","deleteProtectionState":"DELETE_PROTECTION_DISABLED","etag":"IJLJrZHe2YkDMM3kvaLZ2YkD"}
[debug] [2024-11-13T16:32:44.919Z] database_type: FIRESTORE_NATIVE
[debug] [2024-11-13T16:32:44.919Z] database_type: FIRESTORE_NATIVE
[debug] [2024-11-13T16:32:44.919Z] > command requires scopes: ["email","openid","https://www.googleapis.com/auth/cloudplatformprojects.readonly","https://www.googleapis.com/auth/firebase","https://www.googleapis.com/auth/cloud-platform"]
[debug] [2024-11-13T16:32:44.919Z] > authorizing via signed-in user (ordaska02@gmail.com)
[debug] [2024-11-13T16:32:44.919Z] [iam] checking project mobilbead-fca63 for permissions ["firebase.projects.get"]
[debug] [2024-11-13T16:32:44.920Z] Checked if tokens are valid: true, expires at: 1731517327741
[debug] [2024-11-13T16:32:44.920Z] Checked if tokens are valid: true, expires at: 1731517327741
[debug] [2024-11-13T16:32:44.920Z] >>> [apiv2][query] POST https://cloudresourcemanager.googleapis.com/v1/projects/mobilbead-fca63:testIamPermissions [none]
[debug] [2024-11-13T16:32:44.920Z] >>> [apiv2][(partial)header] POST https://cloudresourcemanager.googleapis.com/v1/projects/mobilbead-fca63:testIamPermissions x-goog-quota-user=projects/mobilbead-fca63
[debug] [2024-11-13T16:32:44.920Z] >>> [apiv2][body] POST https://cloudresourcemanager.googleapis.com/v1/projects/mobilbead-fca63:testIamPermissions {"permissions":["firebase.projects.get"]}
[debug] [2024-11-13T16:32:45.731Z] <<< [apiv2][status] POST https://cloudresourcemanager.googleapis.com/v1/projects/mobilbead-fca63:testIamPermissions 200
[debug] [2024-11-13T16:32:45.731Z] <<< [apiv2][body] POST https://cloudresourcemanager.googleapis.com/v1/projects/mobilbead-fca63:testIamPermissions {"permissions":["firebase.projects.get"]}
[info] 
[info] Firestore Security Rules allow you to define how and when to allow
[info] requests. You can keep these rules in your project directory
[info] and publish them with firebase deploy.
[info] 
[debug] [2024-11-13T16:32:52.351Z] Checked if tokens are valid: true, expires at: 1731517327741
[debug] [2024-11-13T16:32:52.351Z] Checked if tokens are valid: true, expires at: 1731517327741
[debug] [2024-11-13T16:32:52.351Z] >>> [apiv2][query] GET https://firebaserules.googleapis.com/v1/projects/mobilbead-fca63/releases pageSize=10&pageToken=
[debug] [2024-11-13T16:32:53.139Z] <<< [apiv2][status] GET https://firebaserules.googleapis.com/v1/projects/mobilbead-fca63/releases 200
[debug] [2024-11-13T16:32:53.139Z] <<< [apiv2][body] GET https://firebaserules.googleapis.com/v1/projects/mobilbead-fca63/releases {"releases":[{"name":"projects/mobilbead-fca63/releases/cloud.firestore","rulesetName":"projects/mobilbead-fca63/rulesets/7817a5aa-3de5-45d5-8f3c-bb7c00d06c94","createTime":"2024-11-13T16:05:43.558429Z","updateTime":"2024-11-13T16:05:43.558429Z"}]}
[debug] [2024-11-13T16:32:53.139Z] Found ruleset: projects/mobilbead-fca63/rulesets/7817a5aa-3de5-45d5-8f3c-bb7c00d06c94
[debug] [2024-11-13T16:32:53.139Z] Checked if tokens are valid: true, expires at: 1731517327741
[debug] [2024-11-13T16:32:53.139Z] Checked if tokens are valid: true, expires at: 1731517327741
[debug] [2024-11-13T16:32:53.139Z] >>> [apiv2][query] GET https://firebaserules.googleapis.com/v1/projects/mobilbead-fca63/rulesets/7817a5aa-3de5-45d5-8f3c-bb7c00d06c94 [none]
[debug] [2024-11-13T16:32:53.828Z] <<< [apiv2][status] GET https://firebaserules.googleapis.com/v1/projects/mobilbead-fca63/rulesets/7817a5aa-3de5-45d5-8f3c-bb7c00d06c94 200
[debug] [2024-11-13T16:32:53.828Z] <<< [apiv2][body] GET https://firebaserules.googleapis.com/v1/projects/mobilbead-fca63/rulesets/7817a5aa-3de5-45d5-8f3c-bb7c00d06c94 [omitted]
[info] 
[info] Firestore indexes allow you to perform complex queries while
[info] maintaining performance that scales with the size of the result
[info] set. You can keep index definitions in your project directory
[info] and publish them with firebase deploy.
[info] 
[debug] [2024-11-13T16:32:58.399Z] Checked if tokens are valid: true, expires at: 1731517327741
[debug] [2024-11-13T16:32:58.399Z] Checked if tokens are valid: true, expires at: 1731517327741
[debug] [2024-11-13T16:32:58.400Z] Checked if tokens are valid: true, expires at: 1731517327741
[debug] [2024-11-13T16:32:58.400Z] Checked if tokens are valid: true, expires at: 1731517327741
[debug] [2024-11-13T16:32:58.400Z] >>> [apiv2][query] GET https://firestore.googleapis.com/v1/projects/mobilbead-fca63/databases/(default)/collectionGroups/-/indexes [none]
[debug] [2024-11-13T16:32:58.402Z] >>> [apiv2][query] GET https://firestore.googleapis.com/v1/projects/mobilbead-fca63/databases/(default)/collectionGroups/-/fields?filter=indexConfig.usesAncestorConfig=false OR ttlConfig:* [none]
[debug] [2024-11-13T16:32:58.632Z] <<< [apiv2][status] GET https://firestore.googleapis.com/v1/projects/mobilbead-fca63/databases/(default)/collectionGroups/-/indexes 200
[debug] [2024-11-13T16:32:58.632Z] <<< [apiv2][body] GET https://firestore.googleapis.com/v1/projects/mobilbead-fca63/databases/(default)/collectionGroups/-/indexes {}
[debug] [2024-11-13T16:32:58.639Z] <<< [apiv2][status] GET https://firestore.googleapis.com/v1/projects/mobilbead-fca63/databases/(default)/collectionGroups/-/fields?filter=indexConfig.usesAncestorConfig=false OR ttlConfig:* 200
[debug] [2024-11-13T16:32:58.639Z] <<< [apiv2][body] GET https://firestore.googleapis.com/v1/projects/mobilbead-fca63/databases/(default)/collectionGroups/-/fields?filter=indexConfig.usesAncestorConfig=false OR ttlConfig:* {"fields":[{"name":"projects/mobilbead-fca63/databases/(default)/collectionGroups/__default__/fields/*","indexConfig":{"indexes":[{"queryScope":"COLLECTION","fields":[{"fieldPath":"*","order":"ASCENDING"}],"state":"READY"},{"queryScope":"COLLECTION","fields":[{"fieldPath":"*","order":"DESCENDING"}],"state":"READY"},{"queryScope":"COLLECTION","fields":[{"fieldPath":"*","arrayConfig":"CONTAINS"}],"state":"READY"}]}}]}
[info] 
=== Genkit Setup
[debug] [2024-11-13T16:32:58.682Z] Error: spawnSync npm ENOENT
    at Object.spawnSync (node:internal/child_process:1123:20)
    at spawnSync (node:child_process:874:24)
    at execFileSync (node:child_process:917:15)
    at getGenkitVersion (C:\Users\Pityu\AppData\Roaming\nvm\v22.10.0\node_modules\firebase-tools\lib\init\features\genkit\index.js:29:58)
    at doSetup (C:\Users\Pityu\AppData\Roaming\nvm\v22.10.0\node_modules\firebase-tools\lib\init\features\genkit\index.js:56:30)
    at init (C:\Users\Pityu\AppData\Roaming\nvm\v22.10.0\node_modules\firebase-tools\lib\init\index.js:41:15)
    at init (C:\Users\Pityu\AppData\Roaming\nvm\v22.10.0\node_modules\firebase-tools\lib\init\index.js:42:16)
    at process.processTicksAndRejections (node:internal/process/task_queues:105:5)
[error] 
[error] Error: An unexpected error has occurred.
